<?xml version="1.0" encoding="UTF-8"?>
<!-- Generated by org.testng.reporters.JUnitReportReporter -->
<testsuite hostname="Armans-Air-2.Dlink" failures="0" tests="1" name="mExpanse.Pages.TestCases.RegistrationTC" time="0.000" errors="0" timestamp="2023-07-04T20:42:15 BDT" skipped="0">
  <testcase classname="mExpanse.Pages.TestCases.RegistrationTC" name="Registration" time="0.000"/>
  <system-out/>
</testsuite> <!-- mExpanse.Pages.TestCases.RegistrationTC -->
